gasAndroid/LuckyApp/app/build/outputs/logs/manifest-merger-debug-report.txt
-- Merging decision tree log ---
manifest
ADDED from src\main\AndroidManifest.xml:2:1-222:12
	package
		ADDED from src\main\AndroidManifest.xml:3:5-36
		INJECTED from src\main\AndroidManifest.xml
		INJECTED from src\main\AndroidManifest.xml
	android:versionName
		INJECTED from src\main\AndroidManifest.xml
		INJECTED from src\main\AndroidManifest.xml
	xmlns:android
		ADDED from src\main\AndroidManifest.xml:2:11-69
	android:versionCode
		INJECTED from src\main\AndroidManifest.xml
		INJECTED from src\main\AndroidManifest.xml
permission#com.yunqilai.consumer.permission.JPUSH_MESSAGE
ADDED from src\main\AndroidManifest.xml:6:5-8:47
MERGED from [cn.jiguang.sdk:jpush:3.0.3] AndroidManifest.xml:11:5-13:47
	android:protectionLevel
		ADDED from src\main\AndroidManifest.xml:8:9-44
	android:name
		ADDED from src\main\AndroidManifest.xml:7:9-70
uses-permission#com.yunqilai.consumer.permission.JPUSH_MESSAGE
ADDED from src\main\AndroidManifest.xml:11:5-86
MERGED from [cn.jiguang.sdk:jpush:3.0.3] AndroidManifest.xml:16:5-81
	android:name
		ADDED from src\main\AndroidManifest.xml:11:22-83
uses-permission#android.permission.RECEIVE_USER_PRESENT
ADDED from src\main\AndroidManifest.xml:12:5-79
MERGED from [cn.jiguang.sdk:jpush:3.0.3] AndroidManifest.xml:17:5-79
	android:name
		ADDED from src\main\AndroidManifest.xml:12:22-76
uses-permission#android.permission.INTERNET
ADDED from src\main\AndroidManifest.xml:13:5-67
MERGED from [cn.jiguang.sdk:jpush:3.0.3] AndroidManifest.xml:18:5-67
	android:name
		ADDED from src\main\AndroidManifest.xml:13:22-64
uses-permission#android.permission.WAKE_LOCK
ADDED from src\main\AndroidManifest.xml:14:5-68
MERGED from [cn.jiguang.sdk:jpush:3.0.3] AndroidManifest.xml:19:5-68
	android:name
		ADDED from src\main\AndroidManifest.xml:14:22-65
uses-permission#android.permission.READ_PHONE_STATE
ADDED from src\main\AndroidManifest.xml:15:5-75
MERGED from [cn.jiguang.sdk:jpush:3.0.3] AndroidManifest.xml:20:5-75
	android:name
		ADDED from src\main\AndroidManifest.xml:15:22-72
uses-permission#android.permission.WRITE_EXTERNAL_STORAGE
ADDED from src\main\AndroidManifest.xml:16:5-81
MERGED from [cn.jiguang.sdk:jpush:3.0.3] AndroidManifest.xml:21:5-81
	android:name
		ADDED from src\main\AndroidManifest.xml:16:22-78
uses-permission#android.permission.READ_EXTERNAL_STORAGE
ADDED from src\main\AndroidManifest.xml:17:5-80
MERGED from [cn.jiguang.sdk:jpush:3.0.3] AndroidManifest.xml:22:5-80
	android:name
		ADDED from src\main\AndroidManifest.xml:17:22-77
uses-permission#android.permission.VIBRATE
ADDED from src\main\AndroidManifest.xml:18:5-66
MERGED from [cn.jiguang.sdk:jpush:3.0.3] AndroidManifest.xml:24:5-66
	android:name
		ADDED from src\main\AndroidManifest.xml:18:22-63
uses-permission#android.permission.MOUNT_UNMOUNT_FILESYSTEMS
ADDED from src\main\AndroidManifest.xml:19:5-84
MERGED from [cn.jiguang.sdk:jpush:3.0.3] AndroidManifest.xml:25:5-84
	android:name
		ADDED from src\main\AndroidManifest.xml:19:22-81
uses-permission#android.permission.ACCESS_NETWORK_STATE
ADDED from src\main\AndroidManifest.xml:20:5-79
MERGED from [cn.jiguang.sdk:jpush:3.0.3] AndroidManifest.xml:26:5-79
	android:name
		ADDED from src\main\AndroidManifest.xml:20:22-76
uses-permission#android.permission.WRITE_SETTINGS
ADDED from src\main\AndroidManifest.xml:21:5-73
MERGED from [cn.jiguang.sdk:jpush:3.0.3] AndroidManifest.xml:23:5-73
	android:name
		ADDED from src\main\AndroidManifest.xml:21:22-70
uses-permission#android.permission.ACCESS_WIFI_STATE
ADDED from src\main\AndroidManifest.xml:22:5-76
MERGED from [cn.jiguang.sdk:jpush:3.0.3] AndroidManifest.xml:27:5-76
	android:name
		ADDED from src\main\AndroidManifest.xml:22:22-73
uses-permission#android.permission.SYSTEM_ALERT_WINDOW
ADDED from src\main\AndroidManifest.xml:25:5-78
MERGED from [cn.jiguang.sdk:jpush:3.0.3] AndroidManifest.xml:30:5-78
	android:name
		ADDED from src\main\AndroidManifest.xml:25:22-75
uses-permission#android.permission.ACCESS_COARSE_LOCATION
ADDED from src\main\AndroidManifest.xml:26:5-81
MERGED from [cn.jiguang.sdk:jpush:3.0.3] AndroidManifest.xml:31:5-81
	android:name
		ADDED from src\main\AndroidManifest.xml:26:22-78
uses-permission#android.permission.CHANGE_WIFI_STATE
ADDED from src\main\AndroidManifest.xml:27:5-76
MERGED from [cn.jiguang.sdk:jpush:3.0.3] AndroidManifest.xml:32:5-76
	android:name
		ADDED from src\main\AndroidManifest.xml:27:22-73
uses-permission#android.permission.ACCESS_FINE_LOCATION
ADDED from src\main\AndroidManifest.xml:28:5-79
MERGED from [cn.jiguang.sdk:jpush:3.0.3] AndroidManifest.xml:33:5-79
	android:name
		ADDED from src\main\AndroidManifest.xml:28:22-76
uses-permission#android.permission.ACCESS_LOCATION_EXTRA_COMMANDS
ADDED from src\main\AndroidManifest.xml:29:5-89
MERGED from [cn.jiguang.sdk:jpush:3.0.3] AndroidManifest.xml:34:5-89
	android:name
		ADDED from src\main\AndroidManifest.xml:29:22-86
uses-permission#android.permission.CHANGE_NETWORK_STATE
ADDED from src\main\AndroidManifest.xml:30:5-79
MERGED from [cn.jiguang.sdk:jpush:3.0.3] AndroidManifest.xml:35:5-79
	android:name
		ADDED from src\main\AndroidManifest.xml:30:22-76
uses-permission#android.permission.GET_TASKS
ADDED from src\main\AndroidManifest.xml:31:5-68
	android:name
		ADDED from src\main\AndroidManifest.xml:31:22-65
uses-feature#android.hardware.camera
ADDED from src\main\AndroidManifest.xml:36:5-60
	android:name
		ADDED from src\main\AndroidManifest.xml:36:19-57
uses-feature#android.hardware.camera.autofocus
ADDED from src\main\AndroidManifest.xml:37:5-70
	android:name
		ADDED from src\main\AndroidManifest.xml:37:19-67
uses-feature#android.hardware.camera.flash
ADDED from src\main\AndroidManifest.xml:38:5-66
	android:name
		ADDED from src\main\AndroidManifest.xml:38:19-63
uses-permission#android.permission.INSTALL_PACKAGES
ADDED from src\main\AndroidManifest.xml:40:5-75
	android:name
		ADDED from src\main\AndroidManifest.xml:40:22-72
uses-permission#android.permission.CAMERA
ADDED from src\main\AndroidManifest.xml:42:5-64
	android:name
		ADDED from src\main\AndroidManifest.xml:42:22-62
uses-permission#android.permission.FLASHLIGHT
ADDED from src\main\AndroidManifest.xml:43:5-69
	android:name
		ADDED from src\main\AndroidManifest.xml:43:22-66
application
ADDED from src\main\AndroidManifest.xml:49:5-220:19
MERGED from [com.android.support.constraint:constraint-layout:1.0.2] AndroidManifest.xml:9:5-20
MERGED from [com.android.support:support-v4:26.0.0-alpha1] AndroidManifest.xml:29:5-20
MERGED from [com.android.support:support-compat:26.0.0-alpha1] AndroidManifest.xml:29:5-20
MERGED from [com.android.support:support-media-compat:26.0.0-alpha1] AndroidManifest.xml:29:5-20
MERGED from [com.android.support:support-core-utils:26.0.0-alpha1] AndroidManifest.xml:29:5-20
MERGED from [com.android.support:support-core-ui:26.0.0-alpha1] AndroidManifest.xml:29:5-20
MERGED from [com.android.support:support-fragment:26.0.0-alpha1] AndroidManifest.xml:29:5-20
MERGED from [com.liaoinstan.springview:library:1.2.6] AndroidManifest.xml:11:5-15:19
MERGED from [com.android.support:appcompat-v7:26.0.0-alpha1] AndroidManifest.xml:29:5-20
MERGED from [com.android.support:support-vector-drawable:26.0.0-alpha1] AndroidManifest.xml:26:5-20
MERGED from [com.android.support:animated-vector-drawable:26.0.0-alpha1] AndroidManifest.xml:26:5-20
MERGED from [com.android.support:design:26.0.0-alpha1] AndroidManifest.xml:29:5-20
MERGED from [com.android.support:transition:26.0.0-alpha1] AndroidManifest.xml:26:5-20
MERGED from [com.tbruyelle.rxpermissions:rxpermissions:0.9.4] AndroidManifest.xml:11:5-20
MERGED from [me.iwf.photopicker:PhotoPicker:0.9.0] AndroidManifest.xml:9:5-19:19
MERGED from [com.hedgehog.ratingbar:app:1.1.2] AndroidManifest.xml:11:5-14:43
MERGED from [cn.jiguang.sdk:jpush:3.0.3] AndroidManifest.xml:37:5-128:19
MERGED from [cn.jiguang.sdk:jcore:1.1.1] AndroidManifest.xml:11:5-12:19
	android:label
		ADDED from src\main\AndroidManifest.xml:53:9-41
	android:supportsRtl
		ADDED from src\main\AndroidManifest.xml:55:9-35
	android:roundIcon
		ADDED from src\main\AndroidManifest.xml:54:9-47
	android:allowBackup
		ADDED from src\main\AndroidManifest.xml:51:9-35
	android:icon
		ADDED from src\main\AndroidManifest.xml:52:9-42
	android:theme
		ADDED from src\main\AndroidManifest.xml:56:9-40
	android:name
		ADDED from src\main\AndroidManifest.xml:50:9-49
activity#com.yunqilai.consumer.luckyapp.Common.Presenter.SplashActivity
ADDED from src\main\AndroidManifest.xml:57:9-63:20
	android:name
		ADDED from src\main\AndroidManifest.xml:57:19-96
intent-filter#android.intent.action.MAIN+android.intent.category.LAUNCHER
ADDED from src\main\AndroidManifest.xml:58:13-62:29
action#android.intent.action.MAIN
ADDED from src\main\AndroidManifest.xml:59:17-69
	android:name
		ADDED from src\main\AndroidManifest.xml:59:25-66
category#android.intent.category.LAUNCHER
ADDED from src\main\AndroidManifest.xml:61:17-77
	android:name
		ADDED from src\main\AndroidManifest.xml:61:27-74
receiver#com.yunqilai.consumer.wxapi.AppRegister
ADDED from src\main\AndroidManifest.xml:65:9-69:20
	android:name
		ADDED from src\main\AndroidManifest.xml:65:19-52
intent-filter#com.tencent.mm.plugin.openapi.Intent.ACTION_REFRESH_WXAPP
ADDED from src\main\AndroidManifest.xml:66:13-68:29
action#com.tencent.mm.plugin.openapi.Intent.ACTION_REFRESH_WXAPP
ADDED from src\main\AndroidManifest.xml:67:17-99
	android:name
		ADDED from src\main\AndroidManifest.xml:67:25-97
activity#com.yunqilai.consumer.luckyapp.MainActivity
ADDED from src\main\AndroidManifest.xml:71:9-59
	android:name
		ADDED from src\main\AndroidManifest.xml:71:19-56
activity#com.yunqilai.consumer.wxapi.WXPayEntryActivity
ADDED from src\main\AndroidManifest.xml:73:9-79:20
	android:launchMode
		ADDED from src\main\AndroidManifest.xml:75:19-49
	android:exported
		ADDED from src\main\AndroidManifest.xml:74:19-42
	android:name
		ADDED from src\main\AndroidManifest.xml:73:19-59
intent-filter#android.intent.action.VIEW+android.intent.category.DEFAULT
ADDED from src\main\AndroidManifest.xml:76:13-78:29
action#android.intent.action.VIEW
ADDED from src\main\AndroidManifest.xml:77:17-68
	android:name
		ADDED from src\main\AndroidManifest.xml:77:25-66
category#android.intent.category.DEFAULT
ADDED from src\main\AndroidManifest.xml:77:68-126
	android:name
		ADDED from src\main\AndroidManifest.xml:77:78-124
data
ADDED from src\main\AndroidManifest.xml:77:126-169
	android:scheme
		ADDED from src\main\AndroidManifest.xml:77:132-167
activity#me.iwf.photopicker.PhotoPickerActivity
ADDED from src\main\AndroidManifest.xml:81:9-74
	android:name
		ADDED from src\main\AndroidManifest.xml:81:19-72
activity#me.iwf.photopicker.PhotoPagerActivity
ADDED from src\main\AndroidManifest.xml:82:9-74
	android:name
		ADDED from src\main\AndroidManifest.xml:82:19-71
activity#com.yunqilai.consumer.luckyapp.Common.Presenter.LoginActivity
ADDED from src\main\AndroidManifest.xml:84:10-77
	android:name
		ADDED from src\main\AndroidManifest.xml:84:20-75
activity#com.yunqilai.consumer.luckyapp.Common.Presenter.CaptureActivity
ADDED from src\main\AndroidManifest.xml:85:9-78
	android:name
		ADDED from src\main\AndroidManifest.xml:85:19-76
activity#com.yunqilai.consumer.luckyapp.Common.Presenter.RegisterActivity
ADDED from src\main\AndroidManifest.xml:86:9-79
	android:name
		ADDED from src\main\AndroidManifest.xml:86:19-77
activity#com.yunqilai.consumer.luckyapp.Common.Presenter.FindPwdActivity
ADDED from src\main\AndroidManifest.xml:87:9-78
	android:name
		ADDED from src\main\AndroidManifest.xml:87:19-76
activity#com.yunqilai.consumer.luckyapp.Common.Presenter.ConfirmUserActivity
ADDED from src\main\AndroidManifest.xml:88:9-82
	android:name
		ADDED from src\main\AndroidManifest.xml:88:19-80
activity#com.yunqilai.consumer.luckyapp.Common.Presenter.ConfirmSuccessActivity
ADDED from src\main\AndroidManifest.xml:89:9-85
	android:name
		ADDED from src\main\AndroidManifest.xml:89:19-83
activity#com.yunqilai.consumer.luckyapp.HomePage.Presenter.GoodsDetailsActivity
ADDED from src\main\AndroidManifest.xml:90:9-85
	android:name
		ADDED from src\main\AndroidManifest.xml:90:19-83
activity#com.yunqilai.consumer.luckyapp.HomePage.Presenter.EditCodeActivity
ADDED from src\main\AndroidManifest.xml:91:9-81
	android:name
		ADDED from src\main\AndroidManifest.xml:91:19-79
activity#com.yunqilai.consumer.luckyapp.HomePage.Presenter.BottleInfoActivity
ADDED from src\main\AndroidManifest.xml:92:9-83
	android:name
		ADDED from src\main\AndroidManifest.xml:92:19-81
activity#com.yunqilai.consumer.luckyapp.HomePage.Presenter.MessageInfoActivity
ADDED from src\main\AndroidManifest.xml:93:9-84
	android:name
		ADDED from src\main\AndroidManifest.xml:93:19-82
activity#com.yunqilai.consumer.luckyapp.HomePage.Presenter.TradeMessageActivity
ADDED from src\main\AndroidManifest.xml:94:9-85
	android:name
		ADDED from src\main\AndroidManifest.xml:94:19-83
activity#com.yunqilai.consumer.luckyapp.HomePage.Presenter.AuthMessageActivity
ADDED from src\main\AndroidManifest.xml:95:9-84
	android:name
		ADDED from src\main\AndroidManifest.xml:95:19-82
activity#com.yunqilai.consumer.luckyapp.HomePage.Presenter.SearchGoodsActivity
ADDED from src\main\AndroidManifest.xml:96:9-84
	android:name
		ADDED from src\main\AndroidManifest.xml:96:19-82
activity#com.yunqilai.consumer.luckyapp.HomePage.Presenter.SearchResultActivity
ADDED from src\main\AndroidManifest.xml:97:9-85
	android:name
		ADDED from src\main\AndroidManifest.xml:97:19-83
activity#com.yunqilai.consumer.luckyapp.SafeKnowledge.Presenter.SafeDetailsActivity
ADDED from src\main\AndroidManifest.xml:98:9-89
	android:name
		ADDED from src\main\AndroidManifest.xml:98:19-87
activity#com.yunqilai.consumer.luckyapp.HomePage.Presenter.OrderInfoActivity
ADDED from src\main\AndroidManifest.xml:99:9-82
	android:name
		ADDED from src\main\AndroidManifest.xml:99:19-80
activity#com.yunqilai.consumer.luckyapp.HomePage.Presenter.LocationManagerActivity
ADDED from src\main\AndroidManifest.xml:100:9-88
	android:name
		ADDED from src\main\AndroidManifest.xml:100:19-86
activity#com.yunqilai.consumer.luckyapp.HomePage.Presenter.AddLocationActivity
ADDED from src\main\AndroidManifest.xml:101:9-84
	android:name
		ADDED from src\main\AndroidManifest.xml:101:19-82
activity#com.yunqilai.consumer.luckyapp.HomePage.Presenter.SelectPayWayActivity
ADDED from src\main\AndroidManifest.xml:102:9-103:20
	android:name
		ADDED from src\main\AndroidManifest.xml:102:19-83
activity#com.yunqilai.consumer.luckyapp.HomePage.Presenter.PayWaysActivity
ADDED from src\main\AndroidManifest.xml:104:9-80
	android:name
		ADDED from src\main\AndroidManifest.xml:104:19-78
activity#com.yunqilai.consumer.luckyapp.HomePage.Presenter.PaySuccessActivity
ADDED from src\main\AndroidManifest.xml:105:9-84
	android:name
		ADDED from src\main\AndroidManifest.xml:105:19-81
activity#com.yunqilai.consumer.luckyapp.UserCenter.Presenter.OrderAllInfoActivity
ADDED from src\main\AndroidManifest.xml:106:9-87
	android:name
		ADDED from src\main\AndroidManifest.xml:106:19-85
activity#com.yunqilai.consumer.luckyapp.UserCenter.Presenter.GoodsOrderDetailsActivity
ADDED from src\main\AndroidManifest.xml:107:9-92
	android:name
		ADDED from src\main\AndroidManifest.xml:107:19-90
activity#com.yunqilai.consumer.luckyapp.UserCenter.Presenter.RefundActivity
ADDED from src\main\AndroidManifest.xml:108:9-81
	android:name
		ADDED from src\main\AndroidManifest.xml:108:19-79
activity#com.yunqilai.consumer.luckyapp.UserCenter.Presenter.AppraiseActivity
ADDED from src\main\AndroidManifest.xml:109:9-83
	android:name
		ADDED from src\main\AndroidManifest.xml:109:19-81
activity#com.yunqilai.consumer.luckyapp.UserCenter.Presenter.AccountSafeActivity
ADDED from src\main\AndroidManifest.xml:110:9-86
	android:name
		ADDED from src\main\AndroidManifest.xml:110:19-84
activity#com.yunqilai.consumer.luckyapp.UserCenter.Presenter.RenameActivity
ADDED from src\main\AndroidManifest.xml:111:9-81
	android:name
		ADDED from src\main\AndroidManifest.xml:111:19-79
activity#com.yunqilai.consumer.luckyapp.UserCenter.Presenter.RePwdActivity
ADDED from src\main\AndroidManifest.xml:112:9-80
	android:name
		ADDED from src\main\AndroidManifest.xml:112:19-78
activity#com.yunqilai.consumer.luckyapp.UserCenter.Presenter.RealNameActivity
ADDED from src\main\AndroidManifest.xml:113:9-83
	android:name
		ADDED from src\main\AndroidManifest.xml:113:19-81
activity#com.yunqilai.consumer.luckyapp.HomePage.Presenter.ChannelGoodsActivity
ADDED from src\main\AndroidManifest.xml:114:9-85
	android:name
		ADDED from src\main\AndroidManifest.xml:114:19-83
activity#com.yunqilai.consumer.luckyapp.HomePage.Presenter.ChannelThreeActivity
ADDED from src\main\AndroidManifest.xml:115:9-85
	android:name
		ADDED from src\main\AndroidManifest.xml:115:19-83
activity#com.yunqilai.consumer.luckyapp.UserCenter.Presenter.AboutUsActivity
ADDED from src\main\AndroidManifest.xml:116:9-82
	android:name
		ADDED from src\main\AndroidManifest.xml:116:19-80
activity#com.yunqilai.consumer.luckyapp.Common.Presenter.UserProtocalActivity
ADDED from src\main\AndroidManifest.xml:117:9-83
	android:name
		ADDED from src\main\AndroidManifest.xml:117:19-81
activity#com.yunqilai.consumer.luckyapp.UserCenter.Presenter.EditUserAuthenActivity
ADDED from src\main\AndroidManifest.xml:118:9-89
	android:name
		ADDED from src\main\AndroidManifest.xml:118:19-87
activity#com.yunqilai.consumer.luckyapp.UserCenter.Presenter.AppraiseSuccessActivity
ADDED from src\main\AndroidManifest.xml:119:9-90
	android:name
		ADDED from src\main\AndroidManifest.xml:119:19-88
activity#com.yunqilai.consumer.luckyapp.UserCenter.Presenter.RefundDetailsActivity
ADDED from src\main\AndroidManifest.xml:120:9-88
	android:name
		ADDED from src\main\AndroidManifest.xml:120:19-86
activity#com.yunqilai.consumer.luckyapp.UserCenter.Presenter.DiscussHistroyActivity
ADDED from src\main\AndroidManifest.xml:121:9-89
	android:name
		ADDED from src\main\AndroidManifest.xml:121:19-87
service#cn.jpush.android.service.PushService
ADDED from src\main\AndroidManifest.xml:132:9-142:19
MERGED from [cn.jiguang.sdk:jpush:3.0.3] AndroidManifest.xml:66:9-77:19
	android:enabled
		ADDED from src\main\AndroidManifest.xml:134:13-35
	android:process
		ADDED from [cn.jiguang.sdk:jpush:3.0.3] AndroidManifest.xml:70:13-40
	android:exported
		ADDED from src\main\AndroidManifest.xml:135:13-37
	android:name
		ADDED from src\main\AndroidManifest.xml:133:13-64
intent-filter#cn.jpush.android.intent.PUSH_TIME+cn.jpush.android.intent.PushService+cn.jpush.android.intent.REGISTER+cn.jpush.android.intent.REPORT
ADDED from src\main\AndroidManifest.xml:136:13-141:29
action#cn.jpush.android.intent.REGISTER
ADDED from src\main\AndroidManifest.xml:137:17-75
	android:name
		ADDED from src\main\AndroidManifest.xml:137:25-72
action#cn.jpush.android.intent.REPORT
ADDED from src\main\AndroidManifest.xml:138:17-73
	android:name
		ADDED from src\main\AndroidManifest.xml:138:25-70
action#cn.jpush.android.intent.PushService
ADDED from src\main\AndroidManifest.xml:139:17-78
	android:name
		ADDED from src\main\AndroidManifest.xml:139:25-75
action#cn.jpush.android.intent.PUSH_TIME
ADDED from src\main\AndroidManifest.xml:140:17-76
	android:name
		ADDED from src\main\AndroidManifest.xml:140:25-73
receiver#cn.jpush.android.service.PushReceiver
ADDED from src\main\AndroidManifest.xml:146:9-163:20
MERGED from [cn.jiguang.sdk:jpush:3.0.3] AndroidManifest.xml:93:9-113:20
	android:enabled
		ADDED from src\main\AndroidManifest.xml:148:13-35
	android:process
		ADDED from [cn.jiguang.sdk:jpush:3.0.3] AndroidManifest.xml:97:13-40
	android:exported
		ADDED from [cn.jiguang.sdk:jpush:3.0.3] AndroidManifest.xml:96:13-37
	android:name
		ADDED from src\main\AndroidManifest.xml:147:13-65
intent-filter#cn.jpush.android.intent.NOTIFICATION_RECEIVED_PROXY+com.yunqilai.consumer
ADDED from src\main\AndroidManifest.xml:149:13-152:29
	android:priority
		ADDED from src\main\AndroidManifest.xml:149:28-51
action#cn.jpush.android.intent.NOTIFICATION_RECEIVED_PROXY
ADDED from src\main\AndroidManifest.xml:150:17-94
	android:name
		ADDED from src\main\AndroidManifest.xml:150:25-91
category#com.yunqilai.consumer
ADDED from src\main\AndroidManifest.xml:151:17-65
	android:name
		ADDED from src\main\AndroidManifest.xml:151:27-63
intent-filter#android.intent.action.USER_PRESENT+android.net.conn.CONNECTIVITY_CHANGE
ADDED from src\main\AndroidManifest.xml:153:13-156:29
action#android.intent.action.USER_PRESENT
ADDED from src\main\AndroidManifest.xml:154:17-77
	android:name
		ADDED from src\main\AndroidManifest.xml:154:25-74
action#android.net.conn.CONNECTIVITY_CHANGE
ADDED from src\main\AndroidManifest.xml:155:17-79
	android:name
		ADDED from src\main\AndroidManifest.xml:155:25-76
intent-filter#android.intent.action.PACKAGE_ADDED+android.intent.action.PACKAGE_REMOVED
ADDED from src\main\AndroidManifest.xml:158:13-162:29
action#android.intent.action.PACKAGE_ADDED
ADDED from src\main\AndroidManifest.xml:159:17-78
	android:name
		ADDED from src\main\AndroidManifest.xml:159:25-75
action#android.intent.action.PACKAGE_REMOVED
ADDED from src\main\AndroidManifest.xml:160:17-80
	android:name
		ADDED from src\main\AndroidManifest.xml:160:25-77
activity#cn.jpush.android.ui.PushActivity
ADDED from src\main\AndroidManifest.xml:167:9-177:20
MERGED from [cn.jiguang.sdk:jpush:3.0.3] AndroidManifest.xml:46:9-57:20
	android:exported
		ADDED from src\main\AndroidManifest.xml:171:13-37
	android:configChanges
		ADDED from src\main\AndroidManifest.xml:169:13-63
	android:theme
		ADDED from src\main\AndroidManifest.xml:170:13-60
	android:name
		ADDED from src\main\AndroidManifest.xml:168:13-60
intent-filter#android.intent.category.DEFAULT+cn.jpush.android.ui.PushActivity+com.yunqilai.consumer
ADDED from src\main\AndroidManifest.xml:172:13-176:29
action#cn.jpush.android.ui.PushActivity
ADDED from src\main\AndroidManifest.xml:173:17-75
	android:name
		ADDED from src\main\AndroidManifest.xml:173:25-72
activity#cn.jpush.android.ui.PopWinActivity
ADDED from src\main\AndroidManifest.xml:179:9-188:20
MERGED from [cn.jiguang.sdk:jpush:3.0.3] AndroidManifest.xml:40:9-43:52
	android:exported
		ADDED from src\main\AndroidManifest.xml:182:13-37
	android:configChanges
		ADDED from src\main\AndroidManifest.xml:181:13-63
	android:theme
		ADDED from src\main\AndroidManifest.xml:183:13-49
	android:name
		ADDED from src\main\AndroidManifest.xml:180:13-62
intent-filter#android.intent.category.DEFAULT+com.yunqilai.consumer
ADDED from src\main\AndroidManifest.xml:184:13-187:29
service#cn.jpush.android.service.DownloadService
ADDED from src\main\AndroidManifest.xml:191:9-195:19
MERGED from [cn.jiguang.sdk:jpush:3.0.3] AndroidManifest.xml:59:9-62:40
	android:enabled
		ADDED from src\main\AndroidManifest.xml:193:13-35
	android:exported
		ADDED from src\main\AndroidManifest.xml:194:13-37
	android:name
		ADDED from src\main\AndroidManifest.xml:192:13-68
receiver#cn.jpush.android.service.AlarmReceiver
ADDED from src\main\AndroidManifest.xml:198:9-75
MERGED from [cn.jiguang.sdk:jpush:3.0.3] AndroidManifest.xml:116:9-118:40
	android:exported
		ADDED from [cn.jiguang.sdk:jpush:3.0.3] AndroidManifest.xml:118:13-37
	android:name
		ADDED from src\main\AndroidManifest.xml:198:19-72
receiver#com.yunqilai.consumer.luckyapp.Common.MyJushReceiver
ADDED from src\main\AndroidManifest.xml:202:9-218:20
	android:enabled
		ADDED from src\main\AndroidManifest.xml:204:13-35
	android:name
		ADDED from src\main\AndroidManifest.xml:203:13-59
intent-filter#cn.jpush.android.intent.CONNECTION+cn.jpush.android.intent.MESSAGE_RECEIVED+cn.jpush.android.intent.NOTIFICATION_OPENED+cn.jpush.android.intent.NOTIFICATION_RECEIVED+cn.jpush.android.intent.REGISTRATION+com.yunqilai.consumer
ADDED from src\main\AndroidManifest.xml:205:13-217:29
action#cn.jpush.android.intent.REGISTRATION
ADDED from src\main\AndroidManifest.xml:207:17-79
	android:name
		ADDED from src\main\AndroidManifest.xml:207:25-76
action#cn.jpush.android.intent.MESSAGE_RECEIVED
ADDED from src\main\AndroidManifest.xml:209:17-83
	android:name
		ADDED from src\main\AndroidManifest.xml:209:25-80
action#cn.jpush.android.intent.NOTIFICATION_RECEIVED
ADDED from src\main\AndroidManifest.xml:211:17-88
	android:name
		ADDED from src\main\AndroidManifest.xml:211:25-85
action#cn.jpush.android.intent.NOTIFICATION_OPENED
ADDED from src\main\AndroidManifest.xml:213:17-86
	android:name
		ADDED from src\main\AndroidManifest.xml:213:25-83
action#cn.jpush.android.intent.CONNECTION
ADDED from src\main\AndroidManifest.xml:215:17-77
	android:name
		ADDED from src\main\AndroidManifest.xml:215:25-74
uses-sdk
INJECTED from src\main\AndroidManifest.xml reason: use-sdk injection requested
MERGED from [com.android.support.constraint:constraint-layout:1.0.2] AndroidManifest.xml:5:5-7:41
MERGED from [com.jude:rollviewpager:1.4.6] AndroidManifest.xml:7:5-9:41
MERGED from [com.android.support:support-v4:26.0.0-alpha1] AndroidManifest.xml:21:5-23:54
MERGED from [com.android.support:support-compat:26.0.0-alpha1] AndroidManifest.xml:21:5-23:58
MERGED from [com.android.support:support-media-compat:26.0.0-alpha1] AndroidManifest.xml:21:5-23:63
MERGED from [com.android.support:support-core-utils:26.0.0-alpha1] AndroidManifest.xml:21:5-23:61
MERGED from [com.android.support:support-core-ui:26.0.0-alpha1] AndroidManifest.xml:21:5-23:58
MERGED from [com.android.support:support-fragment:26.0.0-alpha1] AndroidManifest.xml:21:5-23:60
MERGED from [com.liaoinstan.springview:library:1.2.6] AndroidManifest.xml:7:5-9:41
MERGED from [com.android.support:appcompat-v7:26.0.0-alpha1] AndroidManifest.xml:21:5-23:78
MERGED from [com.android.support:support-vector-drawable:26.0.0-alpha1] AndroidManifest.xml:20:5-44
MERGED from [com.android.support:animated-vector-drawable:26.0.0-alpha1] AndroidManifest.xml:20:5-44
MERGED from [com.android.support:design:26.0.0-alpha1] AndroidManifest.xml:21:5-23:62
MERGED from [com.android.support:recyclerview-v7:26.0.0-alpha1] AndroidManifest.xml:20:5-44
MERGED from [com.android.support:transition:26.0.0-alpha1] AndroidManifest.xml:20:5-44
MERGED from [com.jakewharton.rxbinding:rxbinding-appcompat-v7:0.4.0] AndroidManifest.xml:6:5-44
MERGED from [com.jakewharton.rxbinding:rxbinding:0.4.0] AndroidManifest.xml:6:5-44
MERGED from [io.reactivex:rxandroid:1.1.0] AndroidManifest.xml:19:5-43
MERGED from [com.tbruyelle.rxpermissions:rxpermissions:0.9.4] AndroidManifest.xml:7:5-9:41
MERGED from [me.iwf.photopicker:PhotoPicker:0.9.0] AndroidManifest.xml:5:5-7:41
MERGED from [com.contrarywind:Android-PickerView:3.2.5] AndroidManifest.xml:7:5-9:41
MERGED from [com.hedgehog.ratingbar:app:1.1.2] AndroidManifest.xml:7:5-9:41
MERGED from [cn.jiguang.sdk:jpush:3.0.3] AndroidManifest.xml:7:5-9:41
MERGED from [cn.jiguang.sdk:jcore:1.1.1] AndroidManifest.xml:7:5-9:41
	tools:overrideLibrary
		ADDED from [com.android.support:support-v4:26.0.0-alpha1] AndroidManifest.xml:23:9-51
	android:targetSdkVersion
		INJECTED from src\main\AndroidManifest.xml
		INJECTED from src\main\AndroidManifest.xml
	android:minSdkVersion
		INJECTED from src\main\AndroidManifest.xml
		INJECTED from src\main\AndroidManifest.xml
meta-data#android.support.VERSION
ADDED from [com.android.support:support-v4:26.0.0-alpha1] AndroidManifest.xml:25:5-27:41
MERGED from [com.android.support:support-compat:26.0.0-alpha1] AndroidManifest.xml:25:5-27:41
MERGED from [com.android.support:support-media-compat:26.0.0-alpha1] AndroidManifest.xml:25:5-27:41
MERGED from [com.android.support:support-core-utils:26.0.0-alpha1] AndroidManifest.xml:25:5-27:41
MERGED from [com.android.support:support-core-ui:26.0.0-alpha1] AndroidManifest.xml:25:5-27:41
MERGED from [com.android.support:support-fragment:26.0.0-alpha1] AndroidManifest.xml:25:5-27:41
MERGED from [com.android.support:appcompat-v7:26.0.0-alpha1] AndroidManifest.xml:25:5-27:41
MERGED from [com.android.support:support-vector-drawable:26.0.0-alpha1] AndroidManifest.xml:22:5-24:41
MERGED from [com.android.support:animated-vector-drawable:26.0.0-alpha1] AndroidManifest.xml:22:5-24:41
MERGED from [com.android.support:design:26.0.0-alpha1] AndroidManifest.xml:25:5-27:41
MERGED from [com.android.support:recyclerview-v7:26.0.0-alpha1] AndroidManifest.xml:22:5-24:41
MERGED from [com.android.support:transition:26.0.0-alpha1] AndroidManifest.xml:22:5-24:41
	android:value
		ADDED from [com.android.support:support-v4:26.0.0-alpha1] AndroidManifest.xml:27:9-38
	android:name
		ADDED from [com.android.support:support-v4:26.0.0-alpha1] AndroidManifest.xml:26:9-47
provider#android.support.v4.content.FileProvider
ADDED from [me.iwf.photopicker:PhotoPicker:0.9.0] AndroidManifest.xml:10:9-18:20
	android:authorities
		ADDED from [me.iwf.photopicker:PhotoPicker:0.9.0] AndroidManifest.xml:12:13-60
	android:grantUriPermissions
		ADDED from [me.iwf.photopicker:PhotoPicker:0.9.0] AndroidManifest.xml:14:13-47
	android:exported
		ADDED from [me.iwf.photopicker:PhotoPicker:0.9.0] AndroidManifest.xml:13:13-37
	android:name
		ADDED from [me.iwf.photopicker:PhotoPicker:0.9.0] AndroidManifest.xml:11:13-67
meta-data#android.support.FILE_PROVIDER_PATHS
ADDED from [me.iwf.photopicker:PhotoPicker:0.9.0] AndroidManifest.xml:15:13-17:67
	android:resource
		ADDED from [me.iwf.photopicker:PhotoPicker:0.9.0] AndroidManifest.xml:17:17-64
	android:name
		ADDED from [me.iwf.photopicker:PhotoPicker:0.9.0] AndroidManifest.xml:16:17-67
service#cn.jpush.android.service.DaemonService
ADDED from [cn.jiguang.sdk:jpush:3.0.3] AndroidManifest.xml:81:9-90:19
	android:enabled
		ADDED from [cn.jiguang.sdk:jpush:3.0.3] AndroidManifest.xml:83:13-35
	android:exported
		ADDED from [cn.jiguang.sdk:jpush:3.0.3] AndroidManifest.xml:84:13-36
	android:name
		ADDED from [cn.jiguang.sdk:jpush:3.0.3] AndroidManifest.xml:82:13-66
intent-filter#${JPUSH_PKGNAME}+cn.jpush.android.intent.DaemonService
ADDED from [cn.jiguang.sdk:jpush:3.0.3] AndroidManifest.xml:85:13-89:29
action#cn.jpush.android.intent.DaemonService
ADDED from [cn.jiguang.sdk:jpush:3.0.3] AndroidManifest.xml:86:17-80
	android:name